c:\users\neoga\source\repos\lababar\lababar\debug\vc142.pdb
c:\users\neoga\source\repos\lababar\lababar\debug\table.obj
c:\users\neoga\source\repos\lababar\lababar\debug\myform.obj
c:\users\neoga\source\repos\lababar\lababar\debug\.netframework,version=v4.7.2.assemblyattributes.obj
c:\users\neoga\source\repos\lababar\lababar\debug\.netframework,version=v4.7.2.assemblyattributes.asm
c:\users\neoga\source\repos\lababar\debug\zedgraph.dll
c:\users\neoga\source\repos\lababar\lababar\debug\lababar.myform.resources
c:\users\neoga\source\repos\lababar\lababar\debug\lababar.table.resources
c:\users\neoga\source\repos\lababar\debug\lababar.exe
c:\users\neoga\source\repos\lababar\debug\lababar.pdb
c:\users\neoga\source\repos\lababar\lababar\debug\lababar.tlog\metagen.write.1.tlog
c:\users\neoga\source\repos\lababar\lababar\debug\lababar.vcxproj.generateresource.cache
c:\users\neoga\source\repos\lababar\lababar\debug\lababar.vcxprojassemblyreference.cache
c:\users\neoga\source\repos\lababar\lababar\debug\lababar.tlog\cl.command.1.tlog
c:\users\neoga\source\repos\lababar\lababar\debug\lababar.tlog\cl.read.1.tlog
c:\users\neoga\source\repos\lababar\lababar\debug\lababar.tlog\cl.write.1.tlog
c:\users\neoga\source\repos\lababar\lababar\debug\lababar.tlog\lababar.write.1u.tlog
c:\users\neoga\source\repos\lababar\lababar\debug\lababar.tlog\link.884.delete.1.tlog
c:\users\neoga\source\repos\lababar\lababar\debug\lababar.tlog\link.command.1.tlog
c:\users\neoga\source\repos\lababar\lababar\debug\lababar.tlog\link.read.1.tlog
c:\users\neoga\source\repos\lababar\lababar\debug\lababar.tlog\link.write.1.tlog
c:\users\neoga\source\repos\lababar\lababar\debug\lababar.tlog\metagen.read.1.tlog
c:\users\neoga\source\repos\lababar\lababar\debug\lababar.tlog\zedgraph.dll.metagen
