z:\projectvs\systemslab2\debug\vc142.pdb
z:\projectvs\systemslab2\debug\.netframework,version=v4.7.1.assemblyattributes.obj
z:\projectvs\systemslab2\debug\.netframework,version=v4.7.1.assemblyattributes.asm
z:\projectvs\systemslab2\debug\pendulum.obj
z:\projectvs\systemslab2\debug\systemslab2.exe
z:\projectvs\systemslab2\debug\systemslab2.pdb
z:\projectvs\systemslab2\debug\systemslab2.tlog\metagen.write.1.tlog
z:\projectvs\systemslab2\debug\systemslab2.pendulum.resources
z:\projectvs\systemslab2\debug\systemslab2.term.resources
z:\projectvs\systemslab2\debug\zedgraph.dll
z:\projectvs\systemslab2\debug\systemslab2.vcxproj.generateresource.cache
z:\projectvs\systemslab2\debug\systemslab2.vcxprojassemblyreference.cache
z:\projectvs\systemslab2\debug\systemslab2.exe.metagen
z:\projectvs\systemslab2\debug\systemslab2.tlog\cl.command.1.tlog
z:\projectvs\systemslab2\debug\systemslab2.tlog\cl.read.1.tlog
z:\projectvs\systemslab2\debug\systemslab2.tlog\cl.write.1.tlog
z:\projectvs\systemslab2\debug\systemslab2.tlog\link.10560.delete.1.tlog
z:\projectvs\systemslab2\debug\systemslab2.tlog\link.10716.delete.1.tlog
z:\projectvs\systemslab2\debug\systemslab2.tlog\link.10852.delete.1.tlog
z:\projectvs\systemslab2\debug\systemslab2.tlog\link.11188.delete.1.tlog
z:\projectvs\systemslab2\debug\systemslab2.tlog\link.11672.delete.1.tlog
z:\projectvs\systemslab2\debug\systemslab2.tlog\link.11908.delete.1.tlog
z:\projectvs\systemslab2\debug\systemslab2.tlog\link.12216.delete.1.tlog
z:\projectvs\systemslab2\debug\systemslab2.tlog\link.12312.delete.1.tlog
z:\projectvs\systemslab2\debug\systemslab2.tlog\link.12648.delete.1.tlog
z:\projectvs\systemslab2\debug\systemslab2.tlog\link.12872.delete.1.tlog
z:\projectvs\systemslab2\debug\systemslab2.tlog\link.12944.delete.1.tlog
z:\projectvs\systemslab2\debug\systemslab2.tlog\link.13096.delete.1.tlog
z:\projectvs\systemslab2\debug\systemslab2.tlog\link.13124.delete.1.tlog
z:\projectvs\systemslab2\debug\systemslab2.tlog\link.13636.delete.1.tlog
z:\projectvs\systemslab2\debug\systemslab2.tlog\link.13904.delete.1.tlog
z:\projectvs\systemslab2\debug\systemslab2.tlog\link.13916.delete.1.tlog
z:\projectvs\systemslab2\debug\systemslab2.tlog\link.13984.delete.1.tlog
z:\projectvs\systemslab2\debug\systemslab2.tlog\link.14288.delete.1.tlog
z:\projectvs\systemslab2\debug\systemslab2.tlog\link.14324.delete.1.tlog
z:\projectvs\systemslab2\debug\systemslab2.tlog\link.15868.delete.1.tlog
z:\projectvs\systemslab2\debug\systemslab2.tlog\link.19044.delete.1.tlog
z:\projectvs\systemslab2\debug\systemslab2.tlog\link.19140.delete.1.tlog
z:\projectvs\systemslab2\debug\systemslab2.tlog\link.3432.delete.1.tlog
z:\projectvs\systemslab2\debug\systemslab2.tlog\link.4124.delete.1.tlog
z:\projectvs\systemslab2\debug\systemslab2.tlog\link.5780.delete.1.tlog
z:\projectvs\systemslab2\debug\systemslab2.tlog\link.6004.delete.1.tlog
z:\projectvs\systemslab2\debug\systemslab2.tlog\link.6104.delete.1.tlog
z:\projectvs\systemslab2\debug\systemslab2.tlog\link.6500.delete.1.tlog
z:\projectvs\systemslab2\debug\systemslab2.tlog\link.7064.delete.1.tlog
z:\projectvs\systemslab2\debug\systemslab2.tlog\link.7440.delete.1.tlog
z:\projectvs\systemslab2\debug\systemslab2.tlog\link.8252.delete.1.tlog
z:\projectvs\systemslab2\debug\systemslab2.tlog\link.8388.delete.1.tlog
z:\projectvs\systemslab2\debug\systemslab2.tlog\link.8536.delete.1.tlog
z:\projectvs\systemslab2\debug\systemslab2.tlog\link.9632.delete.1.tlog
z:\projectvs\systemslab2\debug\systemslab2.tlog\link.9772.delete.1.tlog
z:\projectvs\systemslab2\debug\systemslab2.tlog\link.command.1.tlog
z:\projectvs\systemslab2\debug\systemslab2.tlog\link.read.1.tlog
z:\projectvs\systemslab2\debug\systemslab2.tlog\link.write.1.tlog
z:\projectvs\systemslab2\debug\systemslab2.tlog\metagen.read.1.tlog
z:\projectvs\systemslab2\debug\systemslab2.tlog\systemslab2.write.1u.tlog
z:\projectvs\systemslab2\debug\systemslab2.tlog\zedgraph.dll.metagen
